<?xml version="1.0" encoding="UTF-8"?>
<!-- Generated by org.testng.reporters.JUnitXMLReporter -->
<testsuite ignored="1" hostname="DESKTOP-3TOCK1B" failures="3" tests="18" name="casualdetails" time="0.108" errors="0" timestamp="2023-05-31T23:18:22 PDT">
  <testcase classname="Streams" name="example" time="0.007"/>
  <testcase classname="Streams" name="streamcollectore" time="0.003"/>
  <testcase classname="test" name="Demo2" time="0.0"/>
  <testcase classname="test" name="Smoketest2" time="0.001"/>
  <testcase classname="test" name="Demo1" time="0.001"/>
  <testcase classname="test" name="Aemo" time="0.001"/>
  <testcase classname="test2" name="Smoketest1" time="0.0">
    <failure type="org.testng.TestNGException" message="
Parameter &amp;apos;URL&amp;apos; is required by @Test on method Smoketest1 but has not been marked @Optional or defined
in C:\Users\msi\eclipse-workspace\TSTNG_tutorial\testng2.xml">
      <![CDATA[org.testng.TestNGException: 
Parameter 'URL' is required by @Test on method Smoketest1 but has not been marked @Optional or defined
in C:\Users\msi\eclipse-workspace\TSTNG_tutorial\testng2.xml
at java.base/java.util.ArrayList.forEach(ArrayList.java:1511)
... Removed 26 stack frames]]>
    </failure>
  </testcase> <!-- Smoketest1 -->
  <testcase classname="test2" name="Smoketest2" time="0.001"/>
  <testcase classname="test2" name="demo3" time="0.001"/>
  <testcase classname="test2" name="demo4" time="0.001"/>
  <testcase classname="test2" name="fldlistenere" time="0.005">
    <failure type="java.lang.AssertionError" message="expected [rups] but found [rupa]">
      <![CDATA[java.lang.AssertionError: expected [rups] but found [rupa]
at test2.fldlistenere(test2.java:30)
at java.base/java.util.ArrayList.forEach(ArrayList.java:1511)
... Removed 33 stack frames]]>
    </failure>
  </testcase> <!-- fldlistenere -->
  <testcase classname="test2" name="miscduplicate" time="0.002"/>
  <testcase classname="test2" name="miscduplicate" time="0.001"/>
  <testcase classname="test2" name="miscduplicate" time="0.001"/>
  <testcase classname="test2" name="miscloan" time="0.0"/>
  <testcase classname="test3" name="Demo5" time="0.0"/>
  <testcase classname="test3" name="Demo6" time="0.0">
    <failure type="org.testng.TestNGException" message="
Parameter &amp;apos;URL&amp;apos; is required by @Test on method Demo6 but has not been marked @Optional or defined
in C:\Users\msi\eclipse-workspace\TSTNG_tutorial\testng2.xml">
      <![CDATA[org.testng.TestNGException: 
Parameter 'URL' is required by @Test on method Demo6 but has not been marked @Optional or defined
in C:\Users\msi\eclipse-workspace\TSTNG_tutorial\testng2.xml
at java.base/java.util.ArrayList.forEach(ArrayList.java:1511)
... Removed 26 stack frames]]>
    </failure>
  </testcase> <!-- Demo6 -->
  <testcase classname="test3" name="Demo7" time="0.001"/>
  <testcase classname="Streams" name="stream" time="0.0">
    <ignored/>
  </testcase> <!-- stream -->
</testsuite> <!-- casualdetails -->
